<?xml version="1.0" encoding="UTF-8"?>
<robot generator="Robot 6.0.2 (Python 3.11.2 on win32)" generated="20230510 20:32:03.875" rpa="false" schemaversion="3">
<suite id="s1" name="TC1" source="C:\Users\user\PycharmProjects\Rboframewrk\Sample2\TC1.robot">
<test id="s1-t1" name="Demo" line="5">
<kw name="Open Browser" library="SeleniumLibrary">
<arg>https://www.cricbuzz.com/</arg>
<arg>chrome</arg>
<doc>Opens a new browser instance to the optional ``url``.</doc>
<msg timestamp="20230510 20:32:04.228" level="INFO">Opening browser 'chrome' to base url 'https://www.cricbuzz.com/'.</msg>
<status status="PASS" starttime="20230510 20:32:04.228" endtime="20230510 20:32:16.467"/>
</kw>
<kw name="Sleep" library="BuiltIn">
<arg>5</arg>
<doc>Pauses the test executed for the given time.</doc>
<msg timestamp="20230510 20:32:21.469" level="INFO">Slept 5 seconds</msg>
<status status="PASS" starttime="20230510 20:32:16.468" endtime="20230510 20:32:21.469"/>
</kw>
<status status="PASS" starttime="20230510 20:32:04.228" endtime="20230510 20:32:21.470"/>
</test>
<status status="PASS" starttime="20230510 20:32:03.880" endtime="20230510 20:32:21.473"/>
</suite>
<statistics>
<total>
<stat pass="1" fail="0" skip="0">All Tests</stat>
</total>
<tag>
</tag>
<suite>
<stat pass="1" fail="0" skip="0" id="s1" name="TC1">TC1</stat>
</suite>
</statistics>
<errors>
</errors>
</robot>
